Line 49: Class MSAdodcLib.Adodc of control Adodc3 was not a loaded control class.
Line 95: Class MSAdodcLib.Adodc of control Adodc2 was not a loaded control class.
Line 141: Class MSAdodcLib.Adodc of control Adodc1 was not a loaded control class.
Line 313: Class MSDataListLib.DataCombo of control DataCombo1 was not a loaded control class.
Line 54: The property name _ExtentX in Adodc3 is invalid.
Line 55: The property name _ExtentY in Adodc3 is invalid.
Line 56: The property name ConnectMode in Adodc3 is invalid.
Line 57: The property name CursorLocation in Adodc3 is invalid.
Line 58: The property name IsolationLevel in Adodc3 is invalid.
Line 59: The property name ConnectionTimeout in Adodc3 is invalid.
Line 60: The property name CommandTimeout in Adodc3 is invalid.
Line 61: The property name CursorType in Adodc3 is invalid.
Line 62: The property name LockType in Adodc3 is invalid.
Line 63: The property name CommandType in Adodc3 is invalid.
Line 64: The property name CursorOptions in Adodc3 is invalid.
Line 65: The property name CacheSize in Adodc3 is invalid.
Line 66: The property name MaxRecords in Adodc3 is invalid.
Line 67: The property name BOFAction in Adodc3 is invalid.
Line 68: The property name EOFAction in Adodc3 is invalid.
Line 69: The property name ConnectStringType in Adodc3 is invalid.
Line 73: The property name Orientation in Adodc3 is invalid.
Line 75: The property name Connect in Adodc3 is invalid.
Line 76: The property name OLEDBString in Adodc3 is invalid.
Line 77: The property name OLEDBFile in Adodc3 is invalid.
Line 78: The property name DataSourceName in Adodc3 is invalid.
Line 79: The property name OtherAttributes in Adodc3 is invalid.
Line 80: The property name UserName in Adodc3 is invalid.
Line 81: The property name Password in Adodc3 is invalid.
Line 82: The property name RecordSource in Adodc3 is invalid.
Line 83: The property name Caption in Adodc3 is invalid.
Line 93: The property name _Version in Adodc3 is invalid.
Line 100: The property name _ExtentX in Adodc2 is invalid.
Line 101: The property name _ExtentY in Adodc2 is invalid.
Line 102: The property name ConnectMode in Adodc2 is invalid.
Line 103: The property name CursorLocation in Adodc2 is invalid.
Line 104: The property name IsolationLevel in Adodc2 is invalid.
Line 105: The property name ConnectionTimeout in Adodc2 is invalid.
Line 106: The property name CommandTimeout in Adodc2 is invalid.
Line 107: The property name CursorType in Adodc2 is invalid.
Line 108: The property name LockType in Adodc2 is invalid.
Line 109: The property name CommandType in Adodc2 is invalid.
Line 110: The property name CursorOptions in Adodc2 is invalid.
Line 111: The property name CacheSize in Adodc2 is invalid.
Line 112: The property name MaxRecords in Adodc2 is invalid.
Line 113: The property name BOFAction in Adodc2 is invalid.
Line 114: The property name EOFAction in Adodc2 is invalid.
Line 115: The property name ConnectStringType in Adodc2 is invalid.
Line 119: The property name Orientation in Adodc2 is invalid.
Line 121: The property name Connect in Adodc2 is invalid.
Line 122: The property name OLEDBString in Adodc2 is invalid.
Line 123: The property name OLEDBFile in Adodc2 is invalid.
Line 124: The property name DataSourceName in Adodc2 is invalid.
Line 125: The property name OtherAttributes in Adodc2 is invalid.
Line 126: The property name UserName in Adodc2 is invalid.
Line 127: The property name Password in Adodc2 is invalid.
Line 128: The property name RecordSource in Adodc2 is invalid.
Line 129: The property name Caption in Adodc2 is invalid.
Line 139: The property name _Version in Adodc2 is invalid.
Line 146: The property name _ExtentX in Adodc1 is invalid.
Line 147: The property name _ExtentY in Adodc1 is invalid.
Line 148: The property name ConnectMode in Adodc1 is invalid.
Line 149: The property name CursorLocation in Adodc1 is invalid.
Line 150: The property name IsolationLevel in Adodc1 is invalid.
Line 151: The property name ConnectionTimeout in Adodc1 is invalid.
Line 152: The property name CommandTimeout in Adodc1 is invalid.
Line 153: The property name CursorType in Adodc1 is invalid.
Line 154: The property name LockType in Adodc1 is invalid.
Line 155: The property name CommandType in Adodc1 is invalid.
Line 156: The property name CursorOptions in Adodc1 is invalid.
Line 157: The property name CacheSize in Adodc1 is invalid.
Line 158: The property name MaxRecords in Adodc1 is invalid.
Line 159: The property name BOFAction in Adodc1 is invalid.
Line 160: The property name EOFAction in Adodc1 is invalid.
Line 161: The property name ConnectStringType in Adodc1 is invalid.
Line 165: The property name Orientation in Adodc1 is invalid.
Line 167: The property name Connect in Adodc1 is invalid.
Line 168: The property name OLEDBString in Adodc1 is invalid.
Line 169: The property name OLEDBFile in Adodc1 is invalid.
Line 170: The property name DataSourceName in Adodc1 is invalid.
Line 171: The property name OtherAttributes in Adodc1 is invalid.
Line 172: The property name UserName in Adodc1 is invalid.
Line 173: The property name Password in Adodc1 is invalid.
Line 174: The property name RecordSource in Adodc1 is invalid.
Line 175: The property name Caption in Adodc1 is invalid.
Line 185: The property name _Version in Adodc1 is invalid.
Line 314: The property name Bindings in DataCombo1 is invalid.
Line 329: The property name _ExtentX in DataCombo1 is invalid.
Line 330: The property name _ExtentY in DataCombo1 is invalid.
Line 331: The property name _Version in DataCombo1 is invalid.
Line 332: The property name ListField in DataCombo1 is invalid.
Line 333: The property name BoundColumn in DataCombo1 is invalid.
Line 334: The property name Text in DataCombo1 is invalid.
